<?xml version="1.0" encoding="UTF-8"?>
<testsuite xmlns:xsi="http://www.w3.org/2001/XMLSchema-instance" xsi:noNamespaceSchemaLocation="https://maven.apache.org/surefire/maven-surefire-plugin/xsd/surefire-test-report-3.0.xsd" version="3.0" name="AGSchedulerTest" time="0.168" tests="8" errors="0" skipped="0" failures="0">
  <properties>
[...]
</properties>
  <testcase name="testSingleProcess" classname="AGSchedulerTest" time="0.035"/>
  <testcase name="testAG_test1" classname="AGSchedulerTest" time="0.027">
    <system-out><![CDATA[
=== Running Test: AG_test1.json ===
✓ Test passed: AG_test1.json
]]></system-out>
  </testcase>
  <testcase name="testAG_test2" classname="AGSchedulerTest" time="0.006">
    <system-out><![CDATA[
=== Running Test: AG_test2.json ===
✓ Test passed: AG_test2.json
]]></system-out>
  </testcase>
  <testcase name="testAG_test3" classname="AGSchedulerTest" time="0.006">
    <system-out><![CDATA[
=== Running Test: AG_test3.json ===
✓ Test passed: AG_test3.json
]]></system-out>
  </testcase>
  <testcase name="testAG_test4" classname="AGSchedulerTest" time="0.006">
    <system-out><![CDATA[
=== Running Test: AG_test4.json ===
✓ Test passed: AG_test4.json
]]></system-out>
  </testcase>
  <testcase name="testAG_test5" classname="AGSchedulerTest" time="0.006">
    <system-out><![CDATA[
=== Running Test: AG_test5.json ===
✓ Test passed: AG_test5.json
]]></system-out>
  </testcase>
  <testcase name="testAG_test6" classname="AGSchedulerTest" time="0.007">
    <system-out><![CDATA[
=== Running Test: AG_test6.json ===
✓ Test passed: AG_test6.json
]]></system-out>
  </testcase>
  <testcase name="testEmptyProcessList" classname="AGSchedulerTest" time="0.006"/>
</testsuite>